This file contains any messages produced by compilers while
running configure, to aid debugging if configure makes a mistake.

It was created by SPTK configure 3.5, which was
generated by GNU Autoconf 2.63.  Invocation command line was

  $ ./configure 

## --------- ##
## Platform. ##
## --------- ##

hostname = minhquang-Latitude-E6420
uname -m = x86_64
uname -r = 4.2.0-35-generic
uname -s = Linux
uname -v = #40-Ubuntu SMP Tue Mar 15 22:15:45 UTC 2016

/usr/bin/uname -p = unknown
/bin/uname -X     = unknown

/bin/arch              = unknown
/usr/bin/arch -k       = unknown
/usr/convex/getsysinfo = unknown
/usr/bin/hostinfo      = unknown
/bin/machine           = unknown
/usr/bin/oslevel       = unknown
/bin/universe          = unknown

PATH: /usr/local/sbin
PATH: /usr/local/bin
PATH: /usr/sbin
PATH: /usr/bin
PATH: /sbin
PATH: /bin
PATH: /usr/games
PATH: /usr/local/games


## ----------- ##
## Core tests. ##
## ----------- ##

configure:1924: checking for a BSD-compatible install
configure:1992: result: /usr/bin/install -c
configure:2003: checking whether build environment is sane
configure:2046: result: yes
configure:2071: checking for a thread-safe mkdir -p
configure:2110: result: /bin/mkdir -p
configure:2123: checking for gawk
configure:2153: result: no
configure:2123: checking for mawk
configure:2139: found /usr/bin/mawk
configure:2150: result: mawk
configure:2161: checking whether make sets $(MAKE)
configure:2183: result: yes
configure:2413: checking for gcc
configure:2429: found /usr/bin/gcc
configure:2440: result: gcc
configure:2672: checking for C compiler version
configure:2680: gcc --version >&5
gcc (Ubuntu 5.2.1-22ubuntu2) 5.2.1 20151010
Copyright (C) 2015 Free Software Foundation, Inc.
This is free software; see the source for copying conditions.  There is NO
warranty; not even for MERCHANTABILITY or FITNESS FOR A PARTICULAR PURPOSE.

configure:2684: $? = 0
configure:2691: gcc -v >&5
Using built-in specs.
COLLECT_GCC=gcc
COLLECT_LTO_WRAPPER=/usr/lib/gcc/x86_64-linux-gnu/5/lto-wrapper
Target: x86_64-linux-gnu
Configured with: ../src/configure -v --with-pkgversion='Ubuntu 5.2.1-22ubuntu2' --with-bugurl=file:///usr/share/doc/gcc-5/README.Bugs --enable-languages=c,ada,c++,java,go,d,fortran,objc,obj-c++ --prefix=/usr --program-suffix=-5 --enable-shared --enable-linker-build-id --libexecdir=/usr/lib --without-included-gettext --enable-threads=posix --libdir=/usr/lib --enable-nls --with-sysroot=/ --enable-clocale=gnu --enable-libstdcxx-debug --enable-libstdcxx-time=yes --with-default-libstdcxx-abi=new --enable-gnu-unique-object --disable-vtable-verify --enable-libmpx --enable-plugin --with-system-zlib --disable-browser-plugin --enable-java-awt=gtk --enable-gtk-cairo --with-java-home=/usr/lib/jvm/java-1.5.0-gcj-5-amd64/jre --enable-java-home --with-jvm-root-dir=/usr/lib/jvm/java-1.5.0-gcj-5-amd64 --with-jvm-jar-dir=/usr/lib/jvm-exports/java-1.5.0-gcj-5-amd64 --with-arch-directory=amd64 --with-ecj-jar=/usr/share/java/eclipse-ecj.jar --enable-objc-gc --enable-multiarch --disable-werror --with-arch-32=i686 --with-abi=m64 --with-multilib-list=m32,m64,mx32 --enable-multilib --with-tune=generic --enable-checking=release --build=x86_64-linux-gnu --host=x86_64-linux-gnu --target=x86_64-linux-gnu
Thread model: posix
gcc version 5.2.1 20151010 (Ubuntu 5.2.1-22ubuntu2) 
configure:2695: $? = 0
configure:2702: gcc -V >&5
gcc: error: unrecognized command line option '-V'
gcc: fatal error: no input files
compilation terminated.
configure:2706: $? = 1
configure:2729: checking for C compiler default output file name
configure:2751: gcc    conftest.c  >&5
configure:2755: $? = 0
configure:2793: result: a.out
configure:2812: checking whether the C compiler works
configure:2822: ./a.out
configure:2826: $? = 0
configure:2845: result: yes
configure:2852: checking whether we are cross compiling
configure:2854: result: no
configure:2857: checking for suffix of executables
configure:2864: gcc -o conftest    conftest.c  >&5
configure:2868: $? = 0
configure:2894: result: 
configure:2900: checking for suffix of object files
configure:2926: gcc -c   conftest.c >&5
configure:2930: $? = 0
configure:2955: result: o
configure:2959: checking whether we are using the GNU C compiler
configure:2988: gcc -c   conftest.c >&5
configure:2995: $? = 0
configure:3012: result: yes
configure:3021: checking whether gcc accepts -g
configure:3051: gcc -c -g  conftest.c >&5
configure:3058: $? = 0
configure:3159: result: yes
configure:3176: checking for gcc option to accept ISO C89
configure:3250: gcc  -c -g -O2  conftest.c >&5
configure:3257: $? = 0
configure:3280: result: none needed
configure:3309: checking for style of include used by make
configure:3337: result: GNU
configure:3362: checking dependency style of gcc
configure:3453: result: gcc3
configure:3469: checking whether gcc and cc understand -c and -o together
configure:3504: gcc -c conftest.c -o conftest2.o >&5
configure:3508: $? = 0
configure:3514: gcc -c conftest.c -o conftest2.o >&5
configure:3518: $? = 0
configure:3529: cc -c conftest.c >&5
configure:3533: $? = 0
configure:3541: cc -c conftest.c -o conftest2.o >&5
configure:3545: $? = 0
configure:3551: cc -c conftest.c -o conftest2.o >&5
configure:3555: $? = 0
configure:3573: result: yes
configure:3614: checking for a BSD-compatible install
configure:3682: result: /usr/bin/install -c
configure:3693: checking whether ln -s works
configure:3697: result: yes
configure:3747: checking for ranlib
configure:3763: found /usr/bin/ranlib
configure:3774: result: ranlib
configure:3842: checking for ar
configure:3858: found /usr/bin/ar
configure:3869: result: ar
configure:3893: checking for csh
configure:3924: result: csh
configure:3936: checking for log in -lm
configure:3971: gcc -o conftest -g -O2   conftest.c -lm   >&5
conftest.c:15:6: warning: conflicting types for built-in function 'log'
 char log ();
      ^
configure:3978: $? = 0
configure:3999: result: yes
configure:4021: checking how to run the C preprocessor
configure:4061: gcc -E  conftest.c
configure:4068: $? = 0
configure:4099: gcc -E  conftest.c
conftest.c:9:28: fatal error: ac_nonexistent.h: No such file or directory
compilation terminated.
configure:4106: $? = 1
configure: failed program was:
| /* confdefs.h.  */
| #define PACKAGE_NAME "SPTK"
| #define PACKAGE_TARNAME "sptk"
| #define PACKAGE_VERSION "3.5"
| #define PACKAGE_STRING "SPTK 3.5"
| #define PACKAGE_BUGREPORT "http://sourceforge.net/projects/sp-tk/"
| #define HAVE_LIBM 1
| /* end confdefs.h.  */
| #include <ac_nonexistent.h>
configure:4139: result: gcc -E
configure:4168: gcc -E  conftest.c
configure:4175: $? = 0
configure:4206: gcc -E  conftest.c
conftest.c:9:28: fatal error: ac_nonexistent.h: No such file or directory
compilation terminated.
configure:4213: $? = 1
configure: failed program was:
| /* confdefs.h.  */
| #define PACKAGE_NAME "SPTK"
| #define PACKAGE_TARNAME "sptk"
| #define PACKAGE_VERSION "3.5"
| #define PACKAGE_STRING "SPTK 3.5"
| #define PACKAGE_BUGREPORT "http://sourceforge.net/projects/sp-tk/"
| #define HAVE_LIBM 1
| /* end confdefs.h.  */
| #include <ac_nonexistent.h>
configure:4253: checking for X
configure:4368: gcc -E  conftest.c
configure:4375: $? = 0
configure:4424: gcc -o conftest -g -O2   conftest.c -lX11 -lm  >&5
configure:4431: $? = 0
configure:4493: result: libraries , headers 
configure:4662: gcc -o conftest -g -O2   conftest.c -lm   -lX11 >&5
configure:4669: $? = 0
configure:4837: checking for gethostbyname
configure:4893: gcc -o conftest -g -O2   conftest.c -lm  >&5
configure:4900: $? = 0
configure:4920: result: yes
configure:5073: checking for connect
configure:5129: gcc -o conftest -g -O2   conftest.c -lm  >&5
configure:5136: $? = 0
configure:5156: result: yes
configure:5232: checking for remove
configure:5288: gcc -o conftest -g -O2   conftest.c -lm  >&5
configure:5295: $? = 0
configure:5315: result: yes
configure:5391: checking for shmat
configure:5447: gcc -o conftest -g -O2   conftest.c -lm  >&5
configure:5454: $? = 0
configure:5474: result: yes
configure:5559: checking for IceConnectionNumber in -lICE
configure:5594: gcc -o conftest -g -O2   conftest.c -lICE  -lm  >&5
configure:5601: $? = 0
configure:5622: result: yes
configure:5654: checking for grep that handles long lines and -e
configure:5714: result: /bin/grep
configure:5719: checking for egrep
configure:5783: result: /bin/grep -E
configure:5788: checking for ANSI C header files
configure:5818: gcc -c -g -O2  conftest.c >&5
configure:5825: $? = 0
configure:5924: gcc -o conftest -g -O2   conftest.c -lm  >&5
configure:5928: $? = 0
configure:5934: ./conftest
configure:5938: $? = 0
configure:5956: result: yes
configure:5980: checking for sys/types.h
configure:6001: gcc -c -g -O2  conftest.c >&5
configure:6008: $? = 0
configure:6025: result: yes
configure:5980: checking for sys/stat.h
configure:6001: gcc -c -g -O2  conftest.c >&5
configure:6008: $? = 0
configure:6025: result: yes
configure:5980: checking for stdlib.h
configure:6001: gcc -c -g -O2  conftest.c >&5
configure:6008: $? = 0
configure:6025: result: yes
configure:5980: checking for string.h
configure:6001: gcc -c -g -O2  conftest.c >&5
configure:6008: $? = 0
configure:6025: result: yes
configure:5980: checking for memory.h
configure:6001: gcc -c -g -O2  conftest.c >&5
configure:6008: $? = 0
configure:6025: result: yes
configure:5980: checking for strings.h
configure:6001: gcc -c -g -O2  conftest.c >&5
configure:6008: $? = 0
configure:6025: result: yes
configure:5980: checking for inttypes.h
configure:6001: gcc -c -g -O2  conftest.c >&5
configure:6008: $? = 0
configure:6025: result: yes
configure:5980: checking for stdint.h
configure:6001: gcc -c -g -O2  conftest.c >&5
configure:6008: $? = 0
configure:6025: result: yes
configure:5980: checking for unistd.h
configure:6001: gcc -c -g -O2  conftest.c >&5
configure:6008: $? = 0
configure:6025: result: yes
configure:6060: checking fcntl.h usability
configure:6077: gcc -c -g -O2  conftest.c >&5
configure:6084: $? = 0
configure:6098: result: yes
configure:6102: checking fcntl.h presence
configure:6117: gcc -E  conftest.c
configure:6124: $? = 0
configure:6138: result: yes
configure:6171: checking for fcntl.h
configure:6180: result: yes
configure:6060: checking limits.h usability
configure:6077: gcc -c -g -O2  conftest.c >&5
configure:6084: $? = 0
configure:6098: result: yes
configure:6102: checking limits.h presence
configure:6117: gcc -E  conftest.c
configure:6124: $? = 0
configure:6138: result: yes
configure:6171: checking for limits.h
configure:6180: result: yes
configure:6049: checking for stdlib.h
configure:6056: result: yes
configure:6049: checking for string.h
configure:6056: result: yes
configure:6049: checking for strings.h
configure:6056: result: yes
configure:6060: checking sys/ioctl.h usability
configure:6077: gcc -c -g -O2  conftest.c >&5
configure:6084: $? = 0
configure:6098: result: yes
configure:6102: checking sys/ioctl.h presence
configure:6117: gcc -E  conftest.c
configure:6124: $? = 0
configure:6138: result: yes
configure:6171: checking for sys/ioctl.h
configure:6180: result: yes
configure:6198: checking for an ANSI C-conforming const
configure:6273: gcc -c -g -O2  conftest.c >&5
configure:6280: $? = 0
configure:6295: result: yes
configure:6305: checking for size_t
configure:6333: gcc -c -g -O2  conftest.c >&5
configure:6340: $? = 0
configure:6367: gcc -c -g -O2  conftest.c >&5
conftest.c: In function 'main':
conftest.c:61:21: error: expected expression before ')' token
 if (sizeof ((size_t)))
                     ^
configure:6374: $? = 1
configure: failed program was:
| /* confdefs.h.  */
| #define PACKAGE_NAME "SPTK"
| #define PACKAGE_TARNAME "sptk"
| #define PACKAGE_VERSION "3.5"
| #define PACKAGE_STRING "SPTK 3.5"
| #define PACKAGE_BUGREPORT "http://sourceforge.net/projects/sp-tk/"
| #define HAVE_LIBM 1
| #define STDC_HEADERS 1
| #define HAVE_SYS_TYPES_H 1
| #define HAVE_SYS_STAT_H 1
| #define HAVE_STDLIB_H 1
| #define HAVE_STRING_H 1
| #define HAVE_MEMORY_H 1
| #define HAVE_STRINGS_H 1
| #define HAVE_INTTYPES_H 1
| #define HAVE_STDINT_H 1
| #define HAVE_UNISTD_H 1
| #define HAVE_FCNTL_H 1
| #define HAVE_LIMITS_H 1
| #define HAVE_STDLIB_H 1
| #define HAVE_STRING_H 1
| #define HAVE_STRINGS_H 1
| #define HAVE_SYS_IOCTL_H 1
| /* end confdefs.h.  */
| #include <stdio.h>
| #ifdef HAVE_SYS_TYPES_H
| # include <sys/types.h>
| #endif
| #ifdef HAVE_SYS_STAT_H
| # include <sys/stat.h>
| #endif
| #ifdef STDC_HEADERS
| # include <stdlib.h>
| # include <stddef.h>
| #else
| # ifdef HAVE_STDLIB_H
| #  include <stdlib.h>
| # endif
| #endif
| #ifdef HAVE_STRING_H
| # if !defined STDC_HEADERS && defined HAVE_MEMORY_H
| #  include <memory.h>
| # endif
| # include <string.h>
| #endif
| #ifdef HAVE_STRINGS_H
| # include <strings.h>
| #endif
| #ifdef HAVE_INTTYPES_H
| # include <inttypes.h>
| #endif
| #ifdef HAVE_STDINT_H
| # include <stdint.h>
| #endif
| #ifdef HAVE_UNISTD_H
| # include <unistd.h>
| #endif
| int
| main ()
| {
| if (sizeof ((size_t)))
| 	  return 0;
|   ;
|   return 0;
| }
configure:6397: result: yes
configure:6417: checking build system type
configure:6435: result: x86_64-unknown-linux-gnu
configure:6457: checking host system type
configure:6472: result: x86_64-unknown-linux-gnu
configure:6497: checking whether gcc needs -traditional
configure:6539: result: no
configure:6551: checking for stdlib.h
configure:6558: result: yes
configure:6697: checking for GNU libc compatible malloc
configure:6731: gcc -o conftest -g -O2   conftest.c -lm  >&5
configure:6735: $? = 0
configure:6741: ./conftest
configure:6745: $? = 0
configure:6762: result: yes
configure:6790: checking for working strtod
configure:6841: gcc -o conftest -g -O2   conftest.c -lm  >&5
configure:6845: $? = 0
configure:6851: ./conftest
configure:6855: $? = 0
configure:6872: result: yes
configure:7044: checking for pow
configure:7100: gcc -o conftest -g -O2   conftest.c -lm  >&5
conftest.c:50:6: warning: conflicting types for built-in function 'pow'
 char pow ();
      ^
configure:7107: $? = 0
configure:7127: result: yes
configure:7137: checking for sqrt
configure:7193: gcc -o conftest -g -O2   conftest.c -lm  >&5
conftest.c:50:6: warning: conflicting types for built-in function 'sqrt'
 char sqrt ();
      ^
configure:7200: $? = 0
configure:7220: result: yes
configure:7238: checking for bzero
configure:7294: gcc -o conftest -g -O2   conftest.c -lm  >&5
conftest.c:50:6: warning: conflicting types for built-in function 'bzero'
 char bzero ();
      ^
configure:7301: $? = 0
configure:7323: result: yes
configure:7238: checking for memset
configure:7294: gcc -o conftest -g -O2   conftest.c -lm  >&5
conftest.c:51:6: warning: conflicting types for built-in function 'memset'
 char memset ();
      ^
configure:7301: $? = 0
configure:7323: result: yes
configure:7340: checking for strrchr
configure:7396: gcc -o conftest -g -O2   conftest.c -lm  >&5
conftest.c:52:6: warning: conflicting types for built-in function 'strrchr'
 char strrchr ();
      ^
configure:7403: $? = 0
configure:7425: result: yes
configure:7340: checking for rindex
configure:7396: gcc -o conftest -g -O2   conftest.c -lm  >&5
conftest.c:53:6: warning: conflicting types for built-in function 'rindex'
 char rindex ();
      ^
configure:7403: $? = 0
configure:7425: result: yes
configure:7493: checking audio device
configure:7809: result: linux
configure:7821: checking sys/soundcard.h usability
configure:7838: gcc -c -g -O2  conftest.c >&5
configure:7845: $? = 0
configure:7859: result: yes
configure:7863: checking sys/soundcard.h presence
configure:7878: gcc -E  conftest.c
configure:7885: $? = 0
configure:7899: result: yes
configure:7932: checking for sys/soundcard.h
configure:7939: result: yes
configure:8363: creating ./config.status

## ---------------------- ##
## Running config.status. ##
## ---------------------- ##

This file was extended by SPTK config.status 3.5, which was
generated by GNU Autoconf 2.63.  Invocation command line was

  CONFIG_FILES    = 
  CONFIG_HEADERS  = 
  CONFIG_LINKS    = 
  CONFIG_COMMANDS = 
  $ ./config.status 

on minhquang-Latitude-E6420

config.status:830: creating Makefile
config.status:830: creating bin/Makefile
config.status:830: creating bin/acep/Makefile
config.status:830: creating bin/acorr/Makefile
config.status:830: creating bin/agcep/Makefile
config.status:830: creating bin/amcep/Makefile
config.status:830: creating bin/average/Makefile
config.status:830: creating bin/b2mc/Makefile
config.status:830: creating bin/bcp/Makefile
config.status:830: creating bin/bcut/Makefile
config.status:830: creating bin/c2acr/Makefile
config.status:830: creating bin/c2ir/Makefile
config.status:830: creating bin/c2sp/Makefile
config.status:830: creating bin/cat2/Makefile
config.status:830: creating bin/cdist/Makefile
config.status:830: creating bin/clip/Makefile
config.status:830: creating bin/da/Makefile
config.status:830: creating bin/dct/Makefile
config.status:830: creating bin/decimate/Makefile
config.status:830: creating bin/delay/Makefile
config.status:830: creating bin/delta/Makefile
config.status:830: creating bin/df2/Makefile
config.status:830: creating bin/dfs/Makefile
config.status:830: creating bin/dmp/Makefile
config.status:830: creating bin/ds/Makefile
config.status:830: creating bin/dtw/Makefile
config.status:830: creating bin/echo2/Makefile
config.status:830: creating bin/excite/Makefile
config.status:830: creating bin/extract/Makefile
config.status:830: creating bin/fd/Makefile
config.status:830: creating bin/fft/Makefile
config.status:830: creating bin/fft2/Makefile
config.status:830: creating bin/fftcep/Makefile
config.status:830: creating bin/fftr/Makefile
config.status:830: creating bin/fftr2/Makefile
config.status:830: creating bin/fig+fdrw/Makefile
config.status:830: creating bin/frame/Makefile
config.status:830: creating bin/freqt/Makefile
config.status:830: creating bin/gc2gc/Makefile
config.status:830: creating bin/gcep/Makefile
config.status:830: creating bin/glsadf/Makefile
config.status:830: creating bin/gmm/Makefile
config.status:830: creating bin/gnorm/Makefile
config.status:830: creating bin/grpdelay/Makefile
config.status:830: creating bin/histogram/Makefile
config.status:830: creating bin/idct/Makefile
config.status:830: creating bin/ifft/Makefile
config.status:830: creating bin/ifft2/Makefile
config.status:830: creating bin/ignorm/Makefile
config.status:830: creating bin/impulse/Makefile
config.status:830: creating bin/imsvq/Makefile
config.status:830: creating bin/interpolate/Makefile
config.status:830: creating bin/ivq/Makefile
config.status:830: creating bin/lbg/Makefile
config.status:830: creating bin/levdur/Makefile
config.status:830: creating bin/linear_intpl/Makefile
config.status:830: creating bin/lmadf/Makefile
config.status:830: creating bin/lpc/Makefile
config.status:830: creating bin/lpc2c/Makefile
config.status:830: creating bin/lpc2lsp/Makefile
config.status:830: creating bin/lpc2par/Makefile
config.status:830: creating bin/lsp2lpc/Makefile
config.status:830: creating bin/lspcheck/Makefile
config.status:830: creating bin/lspdf/Makefile
config.status:830: creating bin/ltcdf/Makefile
config.status:830: creating bin/mc2b/Makefile
config.status:830: creating bin/mcep/Makefile
config.status:830: creating bin/merge/Makefile
config.status:830: creating bin/mfcc/Makefile
config.status:830: creating bin/mgc2mgc/Makefile
config.status:830: creating bin/mgc2sp/Makefile
config.status:830: creating bin/mgcep/Makefile
config.status:830: creating bin/mglsadf/Makefile
config.status:830: creating bin/minmax/Makefile
config.status:830: creating bin/mlpg/Makefile
config.status:830: creating bin/mlsadf/Makefile
config.status:830: creating bin/msvq/Makefile
config.status:830: creating bin/nan/Makefile
config.status:830: creating bin/norm0/Makefile
config.status:830: creating bin/nrand/Makefile
config.status:830: creating bin/par2lpc/Makefile
config.status:830: creating bin/pca/Makefile
config.status:830: creating bin/phase/Makefile
config.status:830: creating bin/pitch/Makefile
config.status:830: creating bin/poledf/Makefile
config.status:830: creating bin/psgr/Makefile
config.status:830: creating bin/ramp/Makefile
config.status:830: creating bin/rawtowav/Makefile
config.status:830: creating bin/reverse/Makefile
config.status:830: creating bin/rmse/Makefile
config.status:830: creating bin/root_pol/Makefile
config.status:830: creating bin/sin/Makefile
config.status:830: creating bin/smcep/Makefile
config.status:830: creating bin/snr/Makefile
config.status:830: creating bin/sopr/Makefile
config.status:830: creating bin/spec/Makefile
config.status:830: creating bin/step/Makefile
config.status:830: creating bin/swab/Makefile
config.status:830: creating bin/train/Makefile
config.status:830: creating bin/uels/Makefile
config.status:830: creating bin/ulaw/Makefile
config.status:830: creating bin/us/Makefile
config.status:830: creating bin/vopr/Makefile
config.status:830: creating bin/vq/Makefile
config.status:830: creating bin/vstat/Makefile
config.status:830: creating bin/vsum/Makefile
config.status:830: creating bin/window/Makefile
config.status:830: creating bin/x2x/Makefile
config.status:830: creating bin/xgr/Makefile
config.status:830: creating bin/zcross/Makefile
config.status:830: creating bin/zerodf/Makefile
config.status:830: creating include/Makefile
config.status:830: creating lib/Makefile
config.status:830: creating script/Makefile
config.status:1041: executing depfiles commands

## ---------------- ##
## Cache variables. ##
## ---------------- ##

ac_cv_build=x86_64-unknown-linux-gnu
ac_cv_c_compiler_gnu=yes
ac_cv_c_const=yes
ac_cv_env_CC_set=
ac_cv_env_CC_value=
ac_cv_env_CFLAGS_set=
ac_cv_env_CFLAGS_value=
ac_cv_env_CPPFLAGS_set=
ac_cv_env_CPPFLAGS_value=
ac_cv_env_CPP_set=
ac_cv_env_CPP_value=
ac_cv_env_LDFLAGS_set=
ac_cv_env_LDFLAGS_value=
ac_cv_env_LIBS_set=
ac_cv_env_LIBS_value=
ac_cv_env_XMKMF_set=
ac_cv_env_XMKMF_value=
ac_cv_env_build_alias_set=
ac_cv_env_build_alias_value=
ac_cv_env_host_alias_set=
ac_cv_env_host_alias_value=
ac_cv_env_target_alias_set=
ac_cv_env_target_alias_value=
ac_cv_func_bzero=yes
ac_cv_func_connect=yes
ac_cv_func_gethostbyname=yes
ac_cv_func_malloc_0_nonnull=yes
ac_cv_func_memset=yes
ac_cv_func_pow=yes
ac_cv_func_remove=yes
ac_cv_func_rindex=yes
ac_cv_func_shmat=yes
ac_cv_func_sqrt=yes
ac_cv_func_strrchr=yes
ac_cv_func_strtod=yes
ac_cv_have_x='have_x=yes	ac_x_includes='\'''\''	ac_x_libraries='\'''\'''
ac_cv_header_fcntl_h=yes
ac_cv_header_inttypes_h=yes
ac_cv_header_limits_h=yes
ac_cv_header_memory_h=yes
ac_cv_header_stdc=yes
ac_cv_header_stdint_h=yes
ac_cv_header_stdlib_h=yes
ac_cv_header_string_h=yes
ac_cv_header_strings_h=yes
ac_cv_header_sys_ioctl_h=yes
ac_cv_header_sys_soundcard_h=yes
ac_cv_header_sys_stat_h=yes
ac_cv_header_sys_types_h=yes
ac_cv_header_unistd_h=yes
ac_cv_host=x86_64-unknown-linux-gnu
ac_cv_lib_ICE_IceConnectionNumber=yes
ac_cv_lib_m_log=yes
ac_cv_objext=o
ac_cv_path_CSH=csh
ac_cv_path_EGREP='/bin/grep -E'
ac_cv_path_GREP=/bin/grep
ac_cv_path_install='/usr/bin/install -c'
ac_cv_path_mkdir=/bin/mkdir
ac_cv_prog_AWK=mawk
ac_cv_prog_CPP='gcc -E'
ac_cv_prog_ac_ct_AR=ar
ac_cv_prog_ac_ct_CC=gcc
ac_cv_prog_ac_ct_RANLIB=ranlib
ac_cv_prog_cc_c89=
ac_cv_prog_cc_g=yes
ac_cv_prog_cc_gcc_c_o=yes
ac_cv_prog_gcc_traditional=no
ac_cv_prog_make_make_set=yes
ac_cv_type_size_t=yes
am_cv_CC_dependencies_compiler_type=gcc3

## ----------------- ##
## Output variables. ##
## ----------------- ##

ACLOCAL='${SHELL} /home/minhquang/Documents/Codes/VQ/lip-sync-lpc-master/sptk/SPTK-3.5/config/missing --run aclocal-1.10'
AMDEPBACKSLASH='\'
AMDEP_FALSE='#'
AMDEP_TRUE=''
AMTAR='${SHELL} /home/minhquang/Documents/Codes/VQ/lip-sync-lpc-master/sptk/SPTK-3.5/config/missing --run tar'
AR='ar'
AUTOCONF='${SHELL} /home/minhquang/Documents/Codes/VQ/lip-sync-lpc-master/sptk/SPTK-3.5/config/missing --run autoconf'
AUTOHEADER='${SHELL} /home/minhquang/Documents/Codes/VQ/lip-sync-lpc-master/sptk/SPTK-3.5/config/missing --run autoheader'
AUTOMAKE='${SHELL} /home/minhquang/Documents/Codes/VQ/lip-sync-lpc-master/sptk/SPTK-3.5/config/missing --run automake-1.10'
AWK='mawk'
CC='gcc'
CCDEPMODE='depmode=gcc3'
CFLAGS='-g -O2'
CPP='gcc -E'
CPPFLAGS=''
CSH='csh'
CYGPATH_W='echo'
DEFS='-DPACKAGE_NAME=\"SPTK\" -DPACKAGE_TARNAME=\"sptk\" -DPACKAGE_VERSION=\"3.5\" -DPACKAGE_STRING=\"SPTK\ 3.5\" -DPACKAGE_BUGREPORT=\"http://sourceforge.net/projects/sp-tk/\" -DHAVE_LIBM=1 -DSTDC_HEADERS=1 -DHAVE_SYS_TYPES_H=1 -DHAVE_SYS_STAT_H=1 -DHAVE_STDLIB_H=1 -DHAVE_STRING_H=1 -DHAVE_MEMORY_H=1 -DHAVE_STRINGS_H=1 -DHAVE_INTTYPES_H=1 -DHAVE_STDINT_H=1 -DHAVE_UNISTD_H=1 -DHAVE_FCNTL_H=1 -DHAVE_LIMITS_H=1 -DHAVE_STDLIB_H=1 -DHAVE_STRING_H=1 -DHAVE_STRINGS_H=1 -DHAVE_SYS_IOCTL_H=1 -DHAVE_STDLIB_H=1 -DHAVE_MALLOC=1 -DHAVE_BZERO=1 -DHAVE_MEMSET=1 -DHAVE_STRRCHR=1 -DHAVE_RINDEX=1 -DFORMAT=\"float\" -DLINUX=1'
DEPDIR='.deps'
ECHO_C=''
ECHO_N='-n'
ECHO_T=''
EGREP='/bin/grep -E'
EXEEXT=''
GREP='/bin/grep'
INSTALL_DATA='${INSTALL} -m 644'
INSTALL_PROGRAM='${INSTALL}'
INSTALL_SCRIPT='${INSTALL}'
INSTALL_STRIP_PROGRAM='$(install_sh) -c -s'
IO_FORMAT='float'
IO_SYMBOL='f'
LDFLAGS=''
LIBOBJS=''
LIBS='-lm '
LN_S='ln -s'
LTLIBOBJS=''
MAKEINFO='${SHELL} /home/minhquang/Documents/Codes/VQ/lip-sync-lpc-master/sptk/SPTK-3.5/config/missing --run makeinfo'
MKDIR_P='/bin/mkdir -p'
OBJEXT='o'
PACKAGE='SPTK'
PACKAGE_BUGREPORT='http://sourceforge.net/projects/sp-tk/'
PACKAGE_NAME='SPTK'
PACKAGE_STRING='SPTK 3.5'
PACKAGE_TARNAME='sptk'
PACKAGE_VERSION='3.5'
PATH_SEPARATOR=':'
POW_LIB=''
RANLIB='ranlib'
SET_MAKE=''
SHELL='/bin/bash'
STRIP=''
USEDA_FALSE='#'
USEDA_TRUE=''
USEXGR_FALSE='#'
USEXGR_TRUE=''
VERSION='3.5'
XMKMF=''
X_CFLAGS=''
X_EXTRA_LIBS=''
X_LIBS=''
X_PRE_LIBS=' -lSM -lICE'
ac_ct_CC='gcc'
am__fastdepCC_FALSE='#'
am__fastdepCC_TRUE=''
am__include='include'
am__isrc=''
am__leading_dot='.'
am__quote=''
am__tar='${AMTAR} chof - "$$tardir"'
am__untar='${AMTAR} xf -'
bindir='${exec_prefix}/bin'
build='x86_64-unknown-linux-gnu'
build_alias=''
build_cpu='x86_64'
build_os='linux-gnu'
build_vendor='unknown'
datadir='${datarootdir}'
datarootdir='${prefix}/share'
docdir='${datarootdir}/doc/${PACKAGE_TARNAME}'
dvidir='${docdir}'
exec_prefix='${prefix}'
host='x86_64-unknown-linux-gnu'
host_alias=''
host_cpu='x86_64'
host_os='linux-gnu'
host_vendor='unknown'
htmldir='${docdir}'
includedir='${prefix}/include'
infodir='${datarootdir}/info'
install_sh='$(SHELL) /home/minhquang/Documents/Codes/VQ/lip-sync-lpc-master/sptk/SPTK-3.5/config/install-sh'
libdir='${exec_prefix}/lib'
libexecdir='${exec_prefix}/libexec'
localedir='${datarootdir}/locale'
localstatedir='${prefix}/var'
mandir='${datarootdir}/man'
mkdir_p='/bin/mkdir -p'
oldincludedir='/usr/include'
pdfdir='${docdir}'
prefix='/usr/local/SPTK'
program_transform_name='s,x,x,'
psdir='${docdir}'
sbindir='${exec_prefix}/sbin'
sharedstatedir='${prefix}/com'
sysconfdir='${prefix}/etc'
target_alias=''

## ----------- ##
## confdefs.h. ##
## ----------- ##

#define PACKAGE_NAME "SPTK"
#define PACKAGE_TARNAME "sptk"
#define PACKAGE_VERSION "3.5"
#define PACKAGE_STRING "SPTK 3.5"
#define PACKAGE_BUGREPORT "http://sourceforge.net/projects/sp-tk/"
#define HAVE_LIBM 1
#define STDC_HEADERS 1
#define HAVE_SYS_TYPES_H 1
#define HAVE_SYS_STAT_H 1
#define HAVE_STDLIB_H 1
#define HAVE_STRING_H 1
#define HAVE_MEMORY_H 1
#define HAVE_STRINGS_H 1
#define HAVE_INTTYPES_H 1
#define HAVE_STDINT_H 1
#define HAVE_UNISTD_H 1
#define HAVE_FCNTL_H 1
#define HAVE_LIMITS_H 1
#define HAVE_STDLIB_H 1
#define HAVE_STRING_H 1
#define HAVE_STRINGS_H 1
#define HAVE_SYS_IOCTL_H 1
#define HAVE_STDLIB_H 1
#define HAVE_MALLOC 1
#define HAVE_BZERO 1
#define HAVE_MEMSET 1
#define HAVE_STRRCHR 1
#define HAVE_RINDEX 1
#define FORMAT "float"
#define LINUX 1

configure: exit 0
